<?xml version="1.0" encoding="UTF-8"?>
<!-- Generated by org.testng.reporters.JUnitReportReporter -->
<testsuite hostname="sowjanya" failures="0" tests="1" name="com.qa.testcases.Tc_linkTest_001" time="12.196" errors="0" timestamp="2022-11-13T20:33:41 IST" skipped="0">
  <testcase classname="com.qa.testcases.Tc_linkTest_001" name="linkTest" time="12.196"/>
  <system-out/>
</testsuite> <!-- com.qa.testcases.Tc_linkTest_001 -->
