<?xml version="1.0" encoding="UTF-8"?>
<!-- Generated by org.testng.reporters.JUnitReportReporter -->
<testsuite hostname="sowjanya" failures="0" tests="3" name="com.qa.testcases.Tc_RegistrationPage_002" time="7.423" errors="0" timestamp="2022-11-30T18:08:12 IST" skipped="0">
  <testcase classname="com.qa.testcases.Tc_RegistrationPage_002" name="test1" time="5.014"/>
  <system-out/>
  <testcase classname="com.qa.testcases.Tc_RegistrationPage_002" name="test2" time="1.414"/>
  <system-out/>
  <testcase classname="com.qa.testcases.Tc_RegistrationPage_002" name="test3" time="0.995"/>
  <system-out/>
</testsuite> <!-- com.qa.testcases.Tc_RegistrationPage_002 -->
