<?xml version="1.0" encoding="UTF-8"?>
<!-- Generated by org.testng.reporters.JUnitReportReporter -->
<testsuite hostname="sowjanya" failures="0" tests="3" name="com.qa.testcases.Tc_LoginPage_003" time="6.088" errors="0" timestamp="2022-12-10T23:54:42 IST" skipped="0">
  <testcase classname="com.qa.testcases.Tc_LoginPage_003" name="test1" time="3.209"/>
  <system-out/>
  <testcase classname="com.qa.testcases.Tc_LoginPage_003" name="test2" time="2.837"/>
  <system-out/>
  <testcase classname="com.qa.testcases.Tc_LoginPage_003" name="test3" time="0.042"/>
  <system-out/>
</testsuite> <!-- com.qa.testcases.Tc_LoginPage_003 -->
